<?xml version="1.0" encoding="UTF-8"?>
<coverage generated="1632520056908" clover="3.2.0">
  <project timestamp="1632520056909" name="All files">
    <metrics statements="12" coveredstatements="11" conditionals="8" coveredconditionals="8" methods="5" coveredmethods="4" elements="25" coveredelements="23" complexity="0" loc="12" ncloc="12" packages="1" files="1" classes="1"/>
    <file name="seemsIdempotent.ts" path="/Users/lmonninger/Desktop/Dev/cogint/packages/Test/idemfishy/src/Idemfishy/seemsIdempotent.ts">
      <metrics statements="12" coveredstatements="11" conditionals="8" coveredconditionals="8" methods="5" coveredmethods="4"/>
      <line num="21" count="1" type="stmt"/>
      <line num="25" count="982" type="stmt"/>
      <line num="27" count="58178" type="stmt"/>
      <line num="29" count="58178" type="stmt"/>
      <line num="30" count="58178" type="stmt"/>
      <line num="32" count="58178" type="cond" truecount="2" falsecount="0"/>
      <line num="42" count="3511376" type="stmt"/>
      <line num="44" count="3511376" type="stmt"/>
      <line num="46" count="3511376" type="stmt"/>
      <line num="78" count="1" type="stmt"/>
      <line num="82" count="982" type="stmt"/>
      <line num="87" count="0" type="stmt"/>
    </file>
  </project>
</coverage>
