{"/Users/lmonninger/Desktop/Dev/cogint/packages/Test/idemfishy/src/Idemfishy/seemsIdempotent.ts": {"path":"/Users/lmonninger/Desktop/Dev/cogint/packages/Test/idemfishy/src/Idemfishy/seemsIdempotent.ts","statementMap":{"0":{"start":{"line":21,"column":24},"end":{"line":59,"column":1}},"1":{"start":{"line":25,"column":4},"end":{"line":57,"column":12}},"2":{"start":{"line":27,"column":21},"end":{"line":27,"column":42}},"3":{"start":{"line":29,"column":28},"end":{"line":29,"column":36}},"4":{"start":{"line":30,"column":22},"end":{"line":30,"column":42}},"5":{"start":{"line":32,"column":8},"end":{"line":54,"column":15}},"6":{"start":{"line":42,"column":16},"end":{"line":42,"column":20}},"7":{"start":{"line":44,"column":33},"end":{"line":44,"column":55}},"8":{"start":{"line":46,"column":12},"end":{"line":49,"column":13}},"9":{"start":{"line":78,"column":31},"end":{"line":90,"column":1}},"10":{"start":{"line":82,"column":4},"end":{"line":88,"column":6}},"11":{"start":{"line":87,"column":68},"end":{"line":87,"column":75}}},"fnMap":{"0":{"name":"(anonymous_0)","decl":{"start":{"line":21,"column":24},"end":{"line":21,"column":25}},"loc":{"start":{"line":23,"column":14},"end":{"line":59,"column":1}},"line":23},"1":{"name":"(anonymous_1)","decl":{"start":{"line":25,"column":49},"end":{"line":25,"column":50}},"loc":{"start":{"line":25,"column":57},"end":{"line":57,"column":5}},"line":25},"2":{"name":"(anonymous_2)","decl":{"start":{"line":37,"column":10},"end":{"line":37,"column":11}},"loc":{"start":{"line":37,"column":18},"end":{"line":51,"column":9}},"line":37},"3":{"name":"(anonymous_3)","decl":{"start":{"line":78,"column":31},"end":{"line":78,"column":32}},"loc":{"start":{"line":80,"column":14},"end":{"line":90,"column":1}},"line":80},"4":{"name":"(anonymous_4)","decl":{"start":{"line":87,"column":28},"end":{"line":87,"column":29}},"loc":{"start":{"line":87,"column":68},"end":{"line":87,"column":75}},"line":87}},"branchMap":{"0":{"loc":{"start":{"line":32,"column":15},"end":{"line":54,"column":15}},"type":"binary-expr","locations":[{"start":{"line":32,"column":15},"end":{"line":32,"column":19}},{"start":{"line":32,"column":23},"end":{"line":54,"column":15}}],"line":32},"1":{"loc":{"start":{"line":84,"column":16},"end":{"line":84,"column":49}},"type":"cond-expr","locations":[{"start":{"line":84,"column":31},"end":{"line":84,"column":43}},{"start":{"line":84,"column":46},"end":{"line":84,"column":49}}],"line":84},"2":{"loc":{"start":{"line":85,"column":16},"end":{"line":85,"column":49}},"type":"cond-expr","locations":[{"start":{"line":85,"column":31},"end":{"line":85,"column":43}},{"start":{"line":85,"column":46},"end":{"line":85,"column":49}}],"line":85},"3":{"loc":{"start":{"line":86,"column":24},"end":{"line":87,"column":75}},"type":"cond-expr","locations":[{"start":{"line":86,"column":47},"end":{"line":86,"column":67}},{"start":{"line":87,"column":28},"end":{"line":87,"column":75}}],"line":86}},"s":{"0":1,"1":982,"2":58178,"3":58178,"4":58178,"5":58178,"6":3511376,"7":3511376,"8":3511376,"9":1,"10":982,"11":0},"f":{"0":982,"1":58178,"2":3511376,"3":982,"4":0},"b":{"0":[58178,58049],"1":[981,1],"2":[981,1],"3":[981,1]},"_coverageSchema":"1a1c01bbd47fc00a2c39e90264f33305004495a9","hash":"b5eaf06b8cf29b96b32eb666a595e708f901dfd8"}
}
