TN:
SF:src/Idemfishy/seemsIdempotent.ts
FN:21,(anonymous_0)
FN:25,(anonymous_1)
FN:37,(anonymous_2)
FN:78,(anonymous_3)
FN:87,(anonymous_4)
FNF:5
FNH:4
FNDA:982,(anonymous_0)
FNDA:58178,(anonymous_1)
FNDA:3511376,(anonymous_2)
FNDA:982,(anonymous_3)
FNDA:0,(anonymous_4)
DA:21,1
DA:25,982
DA:27,58178
DA:29,58178
DA:30,58178
DA:32,58178
DA:42,3511376
DA:44,3511376
DA:46,3511376
DA:78,1
DA:82,982
DA:87,0
LF:12
LH:11
BRDA:32,0,0,58178
BRDA:32,0,1,58049
BRDA:84,1,0,981
BRDA:84,1,1,1
BRDA:85,2,0,981
BRDA:85,2,1,1
BRDA:86,3,0,981
BRDA:86,3,1,1
BRF:8
BRH:8
end_of_record
